<?xml version="1.0" encoding="UTF-8"?>
<testng-results ignored="0" total="1" passed="1" failed="0" skipped="0">
  <reporter-output>
  </reporter-output>
  <suite started-at="2024-01-11T16:10:50 IST" name="Suite" finished-at="2024-01-11T16:11:16 IST" duration-ms="26034">
    <groups>
    </groups>
    <test started-at="2024-01-11T16:10:50 IST" name="Test" finished-at="2024-01-11T16:11:16 IST" duration-ms="26034">
      <class name="pomdemo_package.PomCalling">
        <test-method signature="pomcalling_method()[pri:0, instance:pomdemo_package.PomCalling@70be0a2b]" started-at="2024-01-11T16:10:50 IST" name="pomcalling_method" finished-at="2024-01-11T16:11:16 IST" duration-ms="26018" status="PASS">
          <reporter-output>
          </reporter-output>
        </test-method> <!-- pomcalling_method -->
      </class> <!-- pomdemo_package.PomCalling -->
    </test> <!-- Test -->
  </suite> <!-- Suite -->
</testng-results>
